<?xml version="1.0" encoding="UTF-8"?>
<!-- Generated by org.testng.reporters.JUnitReportReporter -->
<testsuite hostname="DESKTOP-P5HH51I" failures="0" tests="1" name="pom.tests.LaunchTest" time="22.322" errors="0" timestamp="2021-04-12T23:16:34 IST" skipped="0">
  <testcase classname="pom.tests.LaunchTest" name="testLauchPage" time="22.322"/>
  <system-out/>
</testsuite> <!-- pom.tests.LaunchTest -->
