<?xml version="1.0" encoding="UTF-8"?>
<!-- Generated by org.testng.reporters.JUnitReportReporter -->
<testsuite hostname="DESKTOP-P5HH51I" failures="0" tests="1" name="pom.tests.LoginTest" time="16.441" errors="0" timestamp="2021-04-11T05:29:14 IST" skipped="0">
  <testcase classname="pom.tests.LoginTest" name="testLauchPage" time="16.441"/>
  <system-out/>
</testsuite> <!-- pom.tests.LoginTest -->
