<?xml version="1.0" encoding="UTF-8"?>
<!-- Generated by org.testng.reporters.JUnitReportReporter -->
<testsuite hostname="DESKTOP-P5HH51I" failures="0" tests="1" name="pom.tests.LaunchTest" time="23.003" errors="0" timestamp="2021-04-12T00:23:11 IST" skipped="0">
  <testcase classname="pom.tests.LaunchTest" name="testLauchPage" time="23.003"/>
  <system-out/>
</testsuite> <!-- pom.tests.LaunchTest -->
